{
  "RSpec": {
    "coverage": {
      "/home/saurabh_pandit/Documents/rails_training/book_management/app/helpers/application_helper.rb": [
        1,
        null
      ],
      "/home/saurabh_pandit/Documents/rails_training/book_management/app/helpers/books_helper.rb": [
        1,
        null
      ],
      "/home/saurabh_pandit/Documents/rails_training/book_management/app/helpers/home_helper.rb": [
        1,
        null
      ],
      "/home/saurabh_pandit/Documents/rails_training/book_management/app/helpers/users_helper.rb": [
        1,
        null
      ],
      "/home/saurabh_pandit/Documents/rails_training/book_management/app/controllers/books_controller.rb": [
        1,
        1,
        null,
        null,
        null,
        1,
        2,
        null,
        null,
        null,
        null,
        1,
        null,
        null,
        null,
        1,
        0,
        null,
        null,
        null,
        1,
        null,
        null,
        null,
        null,
        1,
        1,
        null,
        1,
        1,
        2,
        1,
        null,
        0,
        0,
        null,
        null,
        null,
        null,
        null,
        null,
        1,
        0,
        0,
        0,
        0,
        null,
        0,
        0,
        null,
        null,
        null,
        null,
        null,
        null,
        1,
        0,
        0,
        0,
        0,
        null,
        null,
        null,
        1,
        null,
        1,
        1,
        null,
        null,
        null,
        1,
        1,
        null,
        null
      ],
      "/home/saurabh_pandit/Documents/rails_training/book_management/app/controllers/application_controller.rb": [
        1,
        null,
        null,
        1,
        null
      ],
      "/home/saurabh_pandit/Documents/rails_training/book_management/app/controllers/home_controller.rb": [
        1,
        null,
        1,
        null,
        null,
        null
      ],
      "/home/saurabh_pandit/Documents/rails_training/book_management/app/controllers/users_controller.rb": [
        1,
        1,
        null,
        null,
        null,
        1,
        2,
        null,
        null,
        null,
        null,
        1,
        null,
        null,
        null,
        1,
        0,
        null,
        null,
        null,
        1,
        null,
        null,
        null,
        null,
        1,
        1,
        null,
        1,
        1,
        2,
        1,
        null,
        0,
        0,
        null,
        null,
        null,
        null,
        null,
        null,
        1,
        0,
        0,
        0,
        0,
        null,
        0,
        0,
        null,
        null,
        null,
        null,
        null,
        null,
        1,
        0,
        0,
        0,
        0,
        null,
        null,
        null,
        1,
        null,
        1,
        0,
        null,
        null,
        null,
        1,
        1,
        null,
        null
      ],
      "/home/saurabh_pandit/Documents/rails_training/book_management/app/models/book.rb": [
        1,
        null,
        1,
        null
      ],
      "/home/saurabh_pandit/Documents/rails_training/book_management/app/models/user.rb": [
        1,
        null,
        1,
        null,
        1,
        0,
        null,
        null,
        null
      ]
    },
    "timestamp": 1431529695
  }
}
